nohup: ignoring input
Morgan connected..
(node:595298) [MONGOOSE] DeprecationWarning: Mongoose: the `strictQuery` option will be switched back to `false` by default in Mongoose 7. Use `mongoose.set('strictQuery', false);` if you want to prepare for this change. Or use `mongoose.set('strictQuery', true);` to suppress this warning.
(Use `node --trace-deprecation ...` to show where the warning was created)
Server is listening on port : 5000
(node:595298) NOTE: The AWS SDK for JavaScript (v2) has reached end-of-support.
It will no longer receive updates or releases.

Please migrate your code to use AWS SDK for JavaScript (v3).
For more information, check the blog post at https://a.co/cUPnyil
Database connected successfully
POST /setting 404 147 - 2.044 ms
GET / 200 50 - 2.895 ms
GET /api/env_variables/get-one?page=1&size=20 401 121 - 0.923 ms
GET /api/user_roles/get-all-except-admin 200 - - 18.548 ms
GET /api/env_variables/public?page=1&size=20 200 385 - 4.143 ms
GET / 304 - - 0.404 ms
GET /api/site_settings/get-one 200 772 - 5.292 ms
GET /api/site_settings/get-one 304 - - 8.161 ms
GET /api/user_roles/get-all-except-admin 304 - - 10.408 ms
GET /api/site_settings/get-one 304 - - 10.897 ms
GET /api/frontPage/home 304 - - 18.556 ms
GET /api/feedbacks/get-all 304 - - 19.776 ms
GET /api/frontPage/get-all 304 - - 22.393 ms
GET /api/user/verify 401 121 - 0.696 ms
GET /api/user_roles/get-all-except-admin 304 - - 6.079 ms
GET /api/site_contents_about/get-one 304 - - 10.390 ms
GET /api/site_settings/get-one 304 - - 9.649 ms
GET /api/frontPage/get-all 304 - - 9.400 ms
GET /api/user_roles/get-all-except-admin 304 - - 9.254 ms
GET /api/frontPage/home 304 - - 14.128 ms
{"level":"INFO","message":"Tawk outbound endpoint hit","timestamp":"2026-03-20T05:47:10.275Z","source":"tawk-outbound","method":"POST","path":"/tawk-outbound","ip":"::ffff:172.18.0.2"}
{"level":"INFO","message":"hello socket outbound","timestamp":"2026-03-20T05:47:10.275Z","source":"tawk-outbound","chatId":"test123"}
{"level":"INFO","message":"Tawk outbound socket emitted","timestamp":"2026-03-20T05:47:10.276Z","source":"tawk-outbound","outboundEvent":{"chatId":"test123","message":"hello socket outbound","createdAt":"2026-03-20T05:47:10.275Z"}}
{"level":"INFO","message":"Tawk outbound processed","timestamp":"2026-03-20T05:47:10.276Z","source":"tawk-outbound","chatId":"test123","stage":"outbound-socket-emitted"}
POST /tawk-outbound 200 128 - 2.296 ms
GET / 304 - - 0.271 ms
GET /api/env_variables/get-one?page=1&size=20 401 121 - 0.268 ms
GET /api/site_settings/get-one 304 - - 8.808 ms
GET /api/user_roles/get-all-except-admin 304 - - 7.975 ms
GET /api/env_variables/public?page=1&size=20 304 - - 6.744 ms
GET /api/site_settings/get-one 304 - - 4.292 ms
GET /api/user_roles/get-all-except-admin 304 - - 4.881 ms
GET /api/site_settings/get-one 304 - - 5.998 ms
GET /api/user_roles/get-all-except-admin 304 - - 5.936 ms
GET /api/frontPage/home 304 - - 15.725 ms
GET /api/feedbacks/get-all 304 - - 8.802 ms
GET /api/frontPage/get-all 304 - - 9.811 ms
GET /api/site_contents_about/get-one 304 - - 2.184 ms
GET /api/user/verify 401 121 - 0.627 ms
GET /api/site_settings/get-one 304 - - 6.096 ms
GET /api/user_roles/get-all-except-admin 304 - - 6.374 ms
GET /api/frontPage/home 304 - - 3.783 ms
GET /api/frontPage/get-all 304 - - 3.901 ms
GET / 304 - - 0.246 ms
GET /api/env_variables/get-one?page=1&size=20 401 121 - 0.241 ms
GET /api/site_settings/get-one 304 - - 5.904 ms
GET /api/user_roles/get-all-except-admin 304 - - 6.472 ms
GET /api/env_variables/public?page=1&size=20 304 - - 2.340 ms
GET /api/site_settings/get-one 304 - - 5.252 ms
GET /api/user_roles/get-all-except-admin 304 - - 5.724 ms
GET /api/frontPage/home 304 - - 6.071 ms
GET /api/feedbacks/get-all 304 - - 6.262 ms
GET /api/site_settings/get-one 304 - - 4.355 ms
GET /api/user_roles/get-all-except-admin 304 - - 5.738 ms
GET /api/frontPage/get-all 304 - - 6.671 ms
GET /api/site_contents_about/get-one 304 - - 1.632 ms
GET /api/user/verify 401 121 - 0.290 ms
GET /api/frontPage/home 304 - - 3.383 ms
GET /api/site_settings/get-one 304 - - 4.183 ms
GET /api/user_roles/get-all-except-admin 304 - - 4.912 ms
GET /api/frontPage/get-all 304 - - 6.205 ms
GET / 304 - - 0.222 ms
GET /api/env_variables/get-one?page=1&size=20 401 121 - 0.206 ms
GET /api/site_settings/get-one 304 - - 4.883 ms
GET /api/user_roles/get-all-except-admin 304 - - 3.750 ms
GET /api/env_variables/public?page=1&size=20 304 - - 2.894 ms
GET /api/site_settings/get-one 304 - - 6.032 ms
GET /api/user_roles/get-all-except-admin 304 - - 6.488 ms
GET /api/feedbacks/get-all 304 - - 6.985 ms
GET /api/frontPage/home 304 - - 9.286 ms
GET /api/frontPage/get-all 304 - - 3.909 ms
GET /api/site_contents_about/get-one 304 - - 4.350 ms
GET /api/user/verify 401 121 - 0.204 ms
GET /api/site_settings/get-one 304 - - 2.435 ms
GET /api/user_roles/get-all-except-admin 304 - - 4.830 ms
GET /api/frontPage/home 304 - - 6.521 ms
GET /api/frontPage/get-all 304 - - 8.817 ms
GET /api/site_settings/get-one 304 - - 2.729 ms
GET /api/user_roles/get-all-except-admin 304 - - 3.212 ms
GET / 304 - - 0.222 ms
GET /api/site_settings/get-one 304 - - 2.877 ms
GET /api/env_variables/get-one?page=1&size=20 401 121 - 0.211 ms
GET /api/user_roles/get-all-except-admin 304 - - 5.176 ms
GET /api/env_variables/public?page=1&size=20 304 - - 3.057 ms
GET /api/site_settings/get-one 304 - - 4.526 ms
GET /api/user_roles/get-all-except-admin 304 - - 5.522 ms
GET /api/frontPage/home 304 - - 9.585 ms
GET /api/frontPage/get-all 304 - - 6.015 ms
GET /api/feedbacks/get-all 304 - - 8.494 ms
GET /api/site_contents_about/get-one 304 - - 6.854 ms
GET /api/user/verify 401 121 - 0.228 ms
GET /api/site_settings/get-one 304 - - 4.329 ms
GET /api/user_roles/get-all-except-admin 304 - - 4.568 ms
GET /api/frontPage/get-all 304 - - 3.537 ms
GET /api/frontPage/home 304 - - 5.331 ms
GET /api/site_settings/get-one 304 - - 3.455 ms
GET /api/user_roles/get-all-except-admin 304 - - 3.989 ms
GET / 200 50 - 0.209 ms
GET /api/site_settings/get-one 200 772 - 2.177 ms
GET /api/user_roles/get-all-except-admin 200 - - 2.952 ms
GET /api/env_variables/get-one?page=1&size=20 401 121 - 0.284 ms
GET /api/env_variables/public?page=1&size=20 200 385 - 1.974 ms
GET /api/site_settings/get-one 304 - - 4.358 ms
GET /api/user_roles/get-all-except-admin 304 - - 4.598 ms
GET /api/site_settings/get-one 304 - - 2.404 ms
GET /api/frontPage/home 200 - - 4.451 ms
GET /api/user_roles/get-all-except-admin 304 - - 5.960 ms
GET /api/feedbacks/get-all 200 - - 9.444 ms
GET /api/frontPage/get-all 200 - - 6.013 ms
GET /api/site_contents_about/get-one 200 - - 1.859 ms
GET /api/site_settings/get-one 304 - - 4.949 ms
GET /api/user_roles/get-all-except-admin 304 - - 4.557 ms
GET /api/frontPage/home 304 - - 7.007 ms
GET /api/frontPage/get-all 304 - - 3.645 ms
GET /api/user/verify 401 121 - 0.288 ms
GET / 304 - - 0.229 ms
GET /api/site_settings/get-one 304 - - 2.839 ms
GET /api/env_variables/get-one?page=1&size=20 401 121 - 0.211 ms
GET /api/user_roles/get-all-except-admin 304 - - 7.021 ms
GET /api/env_variables/public?page=1&size=20 304 - - 4.412 ms
GET /api/site_settings/get-one 304 - - 3.414 ms
GET /api/user_roles/get-all-except-admin 304 - - 6.289 ms
GET /api/site_settings/get-one 304 - - 3.418 ms
GET /api/user_roles/get-all-except-admin 304 - - 5.565 ms
GET /api/frontPage/home 304 - - 5.985 ms
GET /api/feedbacks/get-all 304 - - 6.147 ms
GET /api/user/verify 401 121 - 0.203 ms
GET /api/frontPage/get-all 304 - - 5.084 ms
GET /api/site_contents_about/get-one 304 - - 3.415 ms
GET /api/site_settings/get-one 304 - - 2.163 ms
GET /api/user_roles/get-all-except-admin 304 - - 5.851 ms
GET /api/frontPage/get-all 304 - - 6.833 ms
GET /api/frontPage/home 304 - - 8.940 ms
GET / 200 50 - 1.403 ms
GET /api/site_settings/get-one 200 772 - 2.927 ms
GET /api/env_variables/get-one?page=1&size=20 401 121 - 0.235 ms
GET /api/env_variables/public?page=1&size=20 200 385 - 3.126 ms
GET /api/user_roles/get-all-except-admin 200 - - 5.648 ms
GET /api/site_settings/get-one 304 - - 4.249 ms
GET /api/user_roles/get-all-except-admin 304 - - 3.925 ms
GET /api/site_settings/get-one 304 - - 3.158 ms
GET /api/user_roles/get-all-except-admin 304 - - 7.252 ms
GET /api/user/verify 401 121 - 0.216 ms
GET /api/feedbacks/get-all 200 - - 12.793 ms
GET /api/site_contents_about/get-one 200 - - 11.099 ms
GET /api/frontPage/get-all 200 - - 8.464 ms
GET /api/frontPage/home 200 - - 11.610 ms
GET /api/site_settings/get-one 304 - - 2.507 ms
GET /api/user_roles/get-all-except-admin 304 - - 2.915 ms
GET /api/frontPage/get-all 304 - - 3.144 ms
GET /api/frontPage/home 304 - - 3.846 ms
GET / 304 - - 0.246 ms
GET /api/site_settings/get-one 304 - - 2.169 ms
GET /api/env_variables/get-one?page=1&size=20 401 121 - 0.256 ms
GET /api/user_roles/get-all-except-admin 304 - - 2.792 ms
GET /api/env_variables/public?page=1&size=20 304 - - 1.351 ms
GET /api/site_settings/get-one 304 - - 4.680 ms
GET /api/user_roles/get-all-except-admin 304 - - 5.002 ms
GET /api/site_settings/get-one 304 - - 3.251 ms
GET /api/user_roles/get-all-except-admin 304 - - 3.686 ms
GET /api/frontPage/get-all 304 - - 5.866 ms
GET /api/frontPage/home 304 - - 8.952 ms
GET /api/feedbacks/get-all 304 - - 9.648 ms
GET /api/site_contents_about/get-one 304 - - 8.098 ms
GET /api/user/verify 401 121 - 0.313 ms
GET /api/site_settings/get-one 304 - - 3.264 ms
GET /api/user_roles/get-all-except-admin 304 - - 3.835 ms
GET /api/frontPage/get-all 304 - - 4.582 ms
GET /api/frontPage/home 304 - - 5.505 ms
GET / 304 - - 0.223 ms
GET /api/env_variables/get-one?page=1&size=20 401 121 - 0.227 ms
GET /api/site_settings/get-one 304 - - 6.857 ms
GET /api/user_roles/get-all-except-admin 304 - - 5.665 ms
GET /api/env_variables/public?page=1&size=20 304 - - 3.867 ms
GET /api/frontPage/home 304 - - 3.771 ms
GET /api/frontPage/get-all 304 - - 5.098 ms
GET /api/feedbacks/get-all 304 - - 7.931 ms
GET /api/site_contents_about/get-one 304 - - 6.074 ms
GET /api/user/verify 401 121 - 0.241 ms
GET /api/site_settings/get-one 304 - - 2.656 ms
GET /api/user_roles/get-all-except-admin 304 - - 3.268 ms
GET /api/frontPage/home 304 - - 4.160 ms
GET /api/frontPage/get-all 304 - - 3.214 ms
GET /api/site_settings/get-one 304 - - 3.037 ms
GET /api/user_roles/get-all-except-admin 304 - - 3.563 ms
GET /api/site_settings/get-one 304 - - 3.480 ms
GET /api/user_roles/get-all-except-admin 304 - - 3.843 ms
GET / 304 - - 0.259 ms
GET /api/site_settings/get-one 304 - - 2.120 ms
GET /api/env_variables/get-one?page=1&size=20 401 121 - 0.222 ms
GET /api/user_roles/get-all-except-admin 304 - - 4.497 ms
GET /api/env_variables/public?page=1&size=20 304 - - 2.617 ms
GET /api/site_settings/get-one 304 - - 3.718 ms
GET /api/user_roles/get-all-except-admin 304 - - 4.741 ms
GET /api/frontPage/home 304 - - 3.375 ms
GET /api/site_settings/get-one 304 - - 4.460 ms
GET /api/user_roles/get-all-except-admin 304 - - 4.733 ms
GET /api/feedbacks/get-all 304 - - 7.013 ms
GET /api/frontPage/get-all 304 - - 4.148 ms
GET /api/site_contents_about/get-one 304 - - 3.832 ms
GET /api/user/verify 401 121 - 0.233 ms
GET /api/frontPage/home 304 - - 2.849 ms
GET /api/site_settings/get-one 304 - - 3.321 ms
GET /api/user_roles/get-all-except-admin 304 - - 3.282 ms
GET /api/frontPage/get-all 304 - - 3.550 ms
GET / 304 - - 0.264 ms
GET /api/site_settings/get-one 304 - - 2.775 ms
GET /api/env_variables/get-one?page=1&size=20 401 121 - 0.260 ms
GET /api/user_roles/get-all-except-admin 304 - - 3.472 ms
GET /api/env_variables/public?page=1&size=20 304 - - 2.706 ms
GET /api/site_settings/get-one 304 - - 4.469 ms
GET /api/user_roles/get-all-except-admin 304 - - 4.860 ms
GET /api/site_settings/get-one 304 - - 5.150 ms
GET /api/user_roles/get-all-except-admin 304 - - 6.005 ms
GET /api/frontPage/home 304 - - 7.992 ms
GET /api/frontPage/get-all 304 - - 6.157 ms
GET /api/feedbacks/get-all 304 - - 8.835 ms
GET /api/site_contents_about/get-one 304 - - 6.730 ms
GET /api/user/verify 401 121 - 0.240 ms
GET /api/site_settings/get-one 304 - - 4.346 ms
GET /api/user_roles/get-all-except-admin 304 - - 4.855 ms
GET /api/frontPage/home 304 - - 5.229 ms
GET /api/frontPage/get-all 304 - - 3.350 ms
GET / 200 50 - 0.240 ms
GET /api/site_settings/get-one 200 772 - 2.398 ms
GET /api/env_variables/get-one?page=1&size=20 401 121 - 0.289 ms
GET /api/env_variables/public?page=1&size=20 200 385 - 3.076 ms
GET /api/user_roles/get-all-except-admin 200 - - 4.834 ms
GET /api/site_settings/get-one 304 - - 4.405 ms
GET /api/user_roles/get-all-except-admin 304 - - 4.822 ms
GET /api/site_settings/get-one 304 - - 2.586 ms
GET /api/frontPage/home 200 - - 4.712 ms
GET /api/user_roles/get-all-except-admin 304 - - 5.146 ms
GET /api/feedbacks/get-all 200 - - 8.323 ms
GET /api/frontPage/get-all 200 - - 7.427 ms
GET /api/site_contents_about/get-one 200 - - 2.104 ms
GET /api/site_settings/get-one 304 - - 5.959 ms
GET /api/user_roles/get-all-except-admin 304 - - 5.816 ms
GET /api/frontPage/get-all 304 - - 7.478 ms
GET /api/frontPage/home 304 - - 10.498 ms
GET /api/user/verify 401 121 - 0.206 ms
GET / 304 - - 0.216 ms
GET /api/env_variables/get-one?page=1&size=20 401 121 - 0.297 ms
GET /api/env_variables/public?page=1&size=20 304 - - 3.889 ms
GET /api/user_roles/get-all-except-admin 304 - - 4.260 ms
GET /api/site_settings/get-one 304 - - 4.141 ms
GET /api/site_settings/get-one 304 - - 2.640 ms
GET /api/user_roles/get-all-except-admin 304 - - 7.469 ms
GET /api/site_settings/get-one 304 - - 3.562 ms
GET /api/frontPage/home 304 - - 5.082 ms
GET /api/feedbacks/get-all 304 - - 5.556 ms
GET /api/frontPage/get-all 304 - - 6.348 ms
GET /api/site_contents_about/get-one 304 - - 6.718 ms
GET /api/user_roles/get-all-except-admin 304 - - 6.208 ms
GET /api/user/verify 401 121 - 0.333 ms
GET /api/site_settings/get-one 304 - - 2.502 ms
GET /api/frontPage/home 304 - - 5.530 ms
GET /api/frontPage/get-all 304 - - 5.208 ms
GET /api/user_roles/get-all-except-admin 304 - - 5.536 ms
